<?xml version="1.0" encoding="UTF-8" ?>
<testsuite tests="63" failures="0" name="beansTest.PositionTest" time="0.008" errors="0" skipped="0">
  <properties>
    <property name="java.runtime.name" value="OpenJDK Runtime Environment"/>
    <property name="java.vm.version" value="17.0.6+10-LTS"/>
    <property name="sun.boot.library.path" value="C:\Program Files\Java\jdk-17.0.6\bin"/>
    <property name="maven.multiModuleProjectDirectory" value="E:\Courses\Kata-Tendeuse-Sg-YNAFAA"/>
    <property name="java.vm.vendor" value="BellSoft"/>
    <property name="java.vendor.url" value="https://bell-sw.com/"/>
    <property name="guice.disable.misplaced.annotation.check" value="true"/>
    <property name="path.separator" value=";"/>
    <property name="java.vm.name" value="OpenJDK 64-Bit Server VM"/>
    <property name="sun.os.patch.level" value=""/>
    <property name="user.script" value=""/>
    <property name="user.country" value="FR"/>
    <property name="sun.java.launcher" value="SUN_STANDARD"/>
    <property name="java.vm.specification.name" value="Java Virtual Machine Specification"/>
    <property name="user.dir" value="E:\Courses\Kata-Tendeuse-Sg-YNAFAA"/>
    <property name="java.vm.compressedOopsMode" value="32-bit"/>
    <property name="java.runtime.version" value="17.0.6+10-LTS"/>
    <property name="os.arch" value="amd64"/>
    <property name="java.io.tmpdir" value="C:\Users\costa\AppData\Local\Temp\"/>
    <property name="line.separator" value="
"/>
    <property name="java.vm.specification.vendor" value="Oracle Corporation"/>
    <property name="user.variant" value=""/>
    <property name="os.name" value="Windows 11"/>
    <property name="classworlds.conf" value="C:\apache-maven-3.8.6\bin\m2.conf"/>
    <property name="sun.jnu.encoding" value="Cp1252"/>
    <property name="java.library.path" value="C:\Program Files\Java\jdk-17.0.6\bin;C:\WINDOWS\Sun\Java\bin;C:\WINDOWS\system32;C:\WINDOWS;C:\Program Files (x86)\Java\jre1.8.0_251;C:\Program Files\Java\jdk-17.0.6;C:\WINDOWS\system32;C:\WINDOWS;C:\WINDOWS\System32\Wbem;C:\WINDOWS\System32\WindowsPowerShell\v1.0\;C:\WINDOWS\System32\OpenSSH\;C:\Program Files\Git\cmd;C:\Program Files\nodejs\;C:\Program Files\Docker\Docker\resources\bin;C:\Program Files\Java\jdk-17.0.6\bin;C:\Program Files (x86)\Java\jdk1.8.0_251;C:\Python\Python39\Scripts\;C:\Python\Python39\;C:\Users\costa\AppData\Local\Microsoft\WindowsApps;C:\Users\costa\AppData\Local\Programs\Microsoft VS Code\bin;C:\Users\costa\AppData\Roaming\npm;C:\Program Files\OpenSSL-Win64\bin;C:\apache-maven-3.8.6\bin;;."/>
    <property name="maven.conf" value="C:\apache-maven-3.8.6/conf"/>
    <property name="jdk.debug" value="release"/>
    <property name="java.class.version" value="61.0"/>
    <property name="java.specification.name" value="Java Platform API Specification"/>
    <property name="sun.management.compiler" value="HotSpot 64-Bit Tiered Compilers"/>
    <property name="os.version" value="10.0"/>
    <property name="library.jansi.path" value="C:\apache-maven-3.8.6\lib\jansi-native"/>
    <property name="user.home" value="C:\Users\costa"/>
    <property name="user.timezone" value="Europe/Paris"/>
    <property name="file.encoding" value="Cp1252"/>
    <property name="java.specification.version" value="17"/>
    <property name="user.name" value="costa"/>
    <property name="java.class.path" value="C:\apache-maven-3.8.6\boot\plexus-classworlds-2.6.0.jar"/>
    <property name="java.vm.specification.version" value="17"/>
    <property name="sun.arch.data.model" value="64"/>
    <property name="sun.java.command" value="org.codehaus.plexus.classworlds.launcher.Launcher clean install"/>
    <property name="java.home" value="C:\Program Files\Java\jdk-17.0.6"/>
    <property name="user.language" value="fr"/>
    <property name="java.specification.vendor" value="Oracle Corporation"/>
    <property name="java.vm.info" value="mixed mode, sharing"/>
    <property name="java.version" value="17.0.6"/>
    <property name="native.encoding" value="Cp1252"/>
    <property name="java.vendor" value="BellSoft"/>
    <property name="sun.stderr.encoding" value="cp850"/>
    <property name="maven.home" value="C:\apache-maven-3.8.6"/>
    <property name="file.separator" value="\"/>
    <property name="java.version.date" value="2023-01-17"/>
    <property name="java.vendor.url.bug" value="https://bell-sw.com/support"/>
    <property name="sun.io.unicode.encoding" value="UnicodeLittle"/>
    <property name="sun.cpu.endian" value="little"/>
    <property name="sun.stdout.encoding" value="cp850"/>
    <property name="sun.cpu.isalist" value="amd64"/>
  </properties>
  <testcase classname="beansTest.PositionTest" name="should_return_false_when_coordonneY_out_of_Tendeuse[0]" time="0"/>
  <testcase classname="beansTest.PositionTest" name="should_return_false_when_coordonneXY_out_of_Tendeuse[0]" time="0"/>
  <testcase classname="beansTest.PositionTest" name="avancer[0]" time="0.001"/>
  <testcase classname="beansTest.PositionTest" name="should_return_false_when_coordonneXY_negative_out_of_Tendeuse[0]" time="0"/>
  <testcase classname="beansTest.PositionTest" name="should_return_false_when_coordonneX_out_of_Tendeuse[0]" time="0"/>
  <testcase classname="beansTest.PositionTest" name="should_return_false_when_coordonneX_negative_out_of_Tendeuse[0]" time="0"/>
  <testcase classname="beansTest.PositionTest" name="should_return_false_when_coordonneY_negative_out_of_Tendeuse[0]" time="0"/>
  <testcase classname="beansTest.PositionTest" name="should_return_false_when_coordonneY_out_of_Tendeuse[1]" time="0"/>
  <testcase classname="beansTest.PositionTest" name="should_return_false_when_coordonneXY_out_of_Tendeuse[1]" time="0"/>
  <testcase classname="beansTest.PositionTest" name="avancer[1]" time="0"/>
  <testcase classname="beansTest.PositionTest" name="should_return_false_when_coordonneXY_negative_out_of_Tendeuse[1]" time="0.001"/>
  <testcase classname="beansTest.PositionTest" name="should_return_false_when_coordonneX_out_of_Tendeuse[1]" time="0"/>
  <testcase classname="beansTest.PositionTest" name="should_return_false_when_coordonneX_negative_out_of_Tendeuse[1]" time="0"/>
  <testcase classname="beansTest.PositionTest" name="should_return_false_when_coordonneY_negative_out_of_Tendeuse[1]" time="0"/>
  <testcase classname="beansTest.PositionTest" name="should_return_false_when_coordonneY_out_of_Tendeuse[2]" time="0"/>
  <testcase classname="beansTest.PositionTest" name="should_return_false_when_coordonneXY_out_of_Tendeuse[2]" time="0"/>
  <testcase classname="beansTest.PositionTest" name="avancer[2]" time="0.001"/>
  <testcase classname="beansTest.PositionTest" name="should_return_false_when_coordonneXY_negative_out_of_Tendeuse[2]" time="0"/>
  <testcase classname="beansTest.PositionTest" name="should_return_false_when_coordonneX_out_of_Tendeuse[2]" time="0"/>
  <testcase classname="beansTest.PositionTest" name="should_return_false_when_coordonneX_negative_out_of_Tendeuse[2]" time="0"/>
  <testcase classname="beansTest.PositionTest" name="should_return_false_when_coordonneY_negative_out_of_Tendeuse[2]" time="0.001"/>
  <testcase classname="beansTest.PositionTest" name="should_return_false_when_coordonneY_out_of_Tendeuse[3]" time="0"/>
  <testcase classname="beansTest.PositionTest" name="should_return_false_when_coordonneXY_out_of_Tendeuse[3]" time="0"/>
  <testcase classname="beansTest.PositionTest" name="avancer[3]" time="0"/>
  <testcase classname="beansTest.PositionTest" name="should_return_false_when_coordonneXY_negative_out_of_Tendeuse[3]" time="0"/>
  <testcase classname="beansTest.PositionTest" name="should_return_false_when_coordonneX_out_of_Tendeuse[3]" time="0"/>
  <testcase classname="beansTest.PositionTest" name="should_return_false_when_coordonneX_negative_out_of_Tendeuse[3]" time="0"/>
  <testcase classname="beansTest.PositionTest" name="should_return_false_when_coordonneY_negative_out_of_Tendeuse[3]" time="0"/>
  <testcase classname="beansTest.PositionTest" name="should_return_false_when_coordonneY_out_of_Tendeuse[4]" time="0"/>
  <testcase classname="beansTest.PositionTest" name="should_return_false_when_coordonneXY_out_of_Tendeuse[4]" time="0.001"/>
  <testcase classname="beansTest.PositionTest" name="avancer[4]" time="0"/>
  <testcase classname="beansTest.PositionTest" name="should_return_false_when_coordonneXY_negative_out_of_Tendeuse[4]" time="0"/>
  <testcase classname="beansTest.PositionTest" name="should_return_false_when_coordonneX_out_of_Tendeuse[4]" time="0.001"/>
  <testcase classname="beansTest.PositionTest" name="should_return_false_when_coordonneX_negative_out_of_Tendeuse[4]" time="0"/>
  <testcase classname="beansTest.PositionTest" name="should_return_false_when_coordonneY_negative_out_of_Tendeuse[4]" time="0"/>
  <testcase classname="beansTest.PositionTest" name="should_return_false_when_coordonneY_out_of_Tendeuse[5]" time="0"/>
  <testcase classname="beansTest.PositionTest" name="should_return_false_when_coordonneXY_out_of_Tendeuse[5]" time="0"/>
  <testcase classname="beansTest.PositionTest" name="avancer[5]" time="0"/>
  <testcase classname="beansTest.PositionTest" name="should_return_false_when_coordonneXY_negative_out_of_Tendeuse[5]" time="0.001"/>
  <testcase classname="beansTest.PositionTest" name="should_return_false_when_coordonneX_out_of_Tendeuse[5]" time="0"/>
  <testcase classname="beansTest.PositionTest" name="should_return_false_when_coordonneX_negative_out_of_Tendeuse[5]" time="0"/>
  <testcase classname="beansTest.PositionTest" name="should_return_false_when_coordonneY_negative_out_of_Tendeuse[5]" time="0"/>
  <testcase classname="beansTest.PositionTest" name="should_return_false_when_coordonneY_out_of_Tendeuse[6]" time="0"/>
  <testcase classname="beansTest.PositionTest" name="should_return_false_when_coordonneXY_out_of_Tendeuse[6]" time="0"/>
  <testcase classname="beansTest.PositionTest" name="avancer[6]" time="0"/>
  <testcase classname="beansTest.PositionTest" name="should_return_false_when_coordonneXY_negative_out_of_Tendeuse[6]" time="0"/>
  <testcase classname="beansTest.PositionTest" name="should_return_false_when_coordonneX_out_of_Tendeuse[6]" time="0"/>
  <testcase classname="beansTest.PositionTest" name="should_return_false_when_coordonneX_negative_out_of_Tendeuse[6]" time="0"/>
  <testcase classname="beansTest.PositionTest" name="should_return_false_when_coordonneY_negative_out_of_Tendeuse[6]" time="0"/>
  <testcase classname="beansTest.PositionTest" name="should_return_false_when_coordonneY_out_of_Tendeuse[7]" time="0"/>
  <testcase classname="beansTest.PositionTest" name="should_return_false_when_coordonneXY_out_of_Tendeuse[7]" time="0"/>
  <testcase classname="beansTest.PositionTest" name="avancer[7]" time="0"/>
  <testcase classname="beansTest.PositionTest" name="should_return_false_when_coordonneXY_negative_out_of_Tendeuse[7]" time="0"/>
  <testcase classname="beansTest.PositionTest" name="should_return_false_when_coordonneX_out_of_Tendeuse[7]" time="0"/>
  <testcase classname="beansTest.PositionTest" name="should_return_false_when_coordonneX_negative_out_of_Tendeuse[7]" time="0.001"/>
  <testcase classname="beansTest.PositionTest" name="should_return_false_when_coordonneY_negative_out_of_Tendeuse[7]" time="0"/>
  <testcase classname="beansTest.PositionTest" name="should_return_false_when_coordonneY_out_of_Tendeuse[8]" time="0"/>
  <testcase classname="beansTest.PositionTest" name="should_return_false_when_coordonneXY_out_of_Tendeuse[8]" time="0"/>
  <testcase classname="beansTest.PositionTest" name="avancer[8]" time="0"/>
  <testcase classname="beansTest.PositionTest" name="should_return_false_when_coordonneXY_negative_out_of_Tendeuse[8]" time="0"/>
  <testcase classname="beansTest.PositionTest" name="should_return_false_when_coordonneX_out_of_Tendeuse[8]" time="0"/>
  <testcase classname="beansTest.PositionTest" name="should_return_false_when_coordonneX_negative_out_of_Tendeuse[8]" time="0"/>
  <testcase classname="beansTest.PositionTest" name="should_return_false_when_coordonneY_negative_out_of_Tendeuse[8]" time="0"/>
</testsuite>